<?xml version="1.0" encoding="UTF-8"?>
<testsuite xmlns:xsi="http://www.w3.org/2001/XMLSchema-instance" xsi:noNamespaceSchemaLocation="https://maven.apache.org/surefire/maven-surefire-plugin/xsd/surefire-test-report-3.0.xsd" version="3.0" name="com.aeris.bot.UserServiceTest" time="0.895" tests="2" errors="0" skipped="0" failures="1">
  <properties>
[...]
</properties>
  <testcase name="testRegisterUser" classname="com.aeris.bot.UserServiceTest" time="0.886">
    <failure type="org.opentest4j.AssertionFailedError"><![CDATA[org.opentest4j.AssertionFailedError: expected: <Test> but was: <12345>
	at com.aeris.bot.UserServiceTest.testRegisterUser(UserServiceTest.java:35)
]]></failure>
  </testcase>
  <testcase name="testRegisterUserAlreadyExists" classname="com.aeris.bot.UserServiceTest" time="0.002"/>
</testsuite>